[0.545s] Invoking command in '/home/yongbin/Repository/incsl_summer_2023/yongbin/ros2_ws/src/turtle_control': PYTHONPATH=/home/yongbin/Repository/incsl_summer_2023/yongbin/ros2_ws/build/turtle_control/prefix_override:/home/yongbin/Repository/incsl_summer_2023/yongbin/ros2_ws/install/turtle_control/lib/python3.8/site-packages:${PYTHONPATH} /usr/bin/python3 setup.py egg_info --egg-base ../../build/turtle_control build --build-base /home/yongbin/Repository/incsl_summer_2023/yongbin/ros2_ws/build/turtle_control/build install --record /home/yongbin/Repository/incsl_summer_2023/yongbin/ros2_ws/build/turtle_control/install.log --install-scripts $base/lib/turtle_control --single-version-externally-managed
[0.667s] running egg_info
[0.667s] creating ../../build/turtle_control/turtle_control.egg-info
[0.667s] writing ../../build/turtle_control/turtle_control.egg-info/PKG-INFO
[0.667s] writing dependency_links to ../../build/turtle_control/turtle_control.egg-info/dependency_links.txt
[0.667s] writing entry points to ../../build/turtle_control/turtle_control.egg-info/entry_points.txt
[0.667s] writing requirements to ../../build/turtle_control/turtle_control.egg-info/requires.txt
[0.667s] writing top-level names to ../../build/turtle_control/turtle_control.egg-info/top_level.txt
[0.668s] writing manifest file '../../build/turtle_control/turtle_control.egg-info/SOURCES.txt'
[0.686s] reading manifest file '../../build/turtle_control/turtle_control.egg-info/SOURCES.txt'
[0.687s] writing manifest file '../../build/turtle_control/turtle_control.egg-info/SOURCES.txt'
[0.687s] running build
[0.687s] running build_py
[0.687s] creating /home/yongbin/Repository/incsl_summer_2023/yongbin/ros2_ws/build/turtle_control/build
[0.687s] creating /home/yongbin/Repository/incsl_summer_2023/yongbin/ros2_ws/build/turtle_control/build/lib
[0.687s] creating /home/yongbin/Repository/incsl_summer_2023/yongbin/ros2_ws/build/turtle_control/build/lib/turtle_control
[0.687s] copying turtle_control/teleop_key.py -> /home/yongbin/Repository/incsl_summer_2023/yongbin/ros2_ws/build/turtle_control/build/lib/turtle_control
[0.688s] copying turtle_control/__init__.py -> /home/yongbin/Repository/incsl_summer_2023/yongbin/ros2_ws/build/turtle_control/build/lib/turtle_control
[0.688s] copying turtle_control/draw_circle.py -> /home/yongbin/Repository/incsl_summer_2023/yongbin/ros2_ws/build/turtle_control/build/lib/turtle_control
[0.688s] copying turtle_control/draw_eight.py -> /home/yongbin/Repository/incsl_summer_2023/yongbin/ros2_ws/build/turtle_control/build/lib/turtle_control
[0.688s] running install
[0.688s] running install_lib
[0.690s] creating /home/yongbin/Repository/incsl_summer_2023/yongbin/ros2_ws/install/turtle_control/lib/python3.8/site-packages/turtle_control
[0.690s] copying /home/yongbin/Repository/incsl_summer_2023/yongbin/ros2_ws/build/turtle_control/build/lib/turtle_control/teleop_key.py -> /home/yongbin/Repository/incsl_summer_2023/yongbin/ros2_ws/install/turtle_control/lib/python3.8/site-packages/turtle_control
[0.691s] copying /home/yongbin/Repository/incsl_summer_2023/yongbin/ros2_ws/build/turtle_control/build/lib/turtle_control/__init__.py -> /home/yongbin/Repository/incsl_summer_2023/yongbin/ros2_ws/install/turtle_control/lib/python3.8/site-packages/turtle_control
[0.691s] copying /home/yongbin/Repository/incsl_summer_2023/yongbin/ros2_ws/build/turtle_control/build/lib/turtle_control/draw_circle.py -> /home/yongbin/Repository/incsl_summer_2023/yongbin/ros2_ws/install/turtle_control/lib/python3.8/site-packages/turtle_control
[0.691s] copying /home/yongbin/Repository/incsl_summer_2023/yongbin/ros2_ws/build/turtle_control/build/lib/turtle_control/draw_eight.py -> /home/yongbin/Repository/incsl_summer_2023/yongbin/ros2_ws/install/turtle_control/lib/python3.8/site-packages/turtle_control
[0.691s] byte-compiling /home/yongbin/Repository/incsl_summer_2023/yongbin/ros2_ws/install/turtle_control/lib/python3.8/site-packages/turtle_control/teleop_key.py to teleop_key.cpython-38.pyc
[0.692s] byte-compiling /home/yongbin/Repository/incsl_summer_2023/yongbin/ros2_ws/install/turtle_control/lib/python3.8/site-packages/turtle_control/__init__.py to __init__.cpython-38.pyc
[0.692s] byte-compiling /home/yongbin/Repository/incsl_summer_2023/yongbin/ros2_ws/install/turtle_control/lib/python3.8/site-packages/turtle_control/draw_circle.py to draw_circle.cpython-38.pyc
[0.692s] byte-compiling /home/yongbin/Repository/incsl_summer_2023/yongbin/ros2_ws/install/turtle_control/lib/python3.8/site-packages/turtle_control/draw_eight.py to draw_eight.cpython-38.pyc
[0.692s] running install_data
[0.692s] creating /home/yongbin/Repository/incsl_summer_2023/yongbin/ros2_ws/install/turtle_control/share/ament_index
[0.692s] creating /home/yongbin/Repository/incsl_summer_2023/yongbin/ros2_ws/install/turtle_control/share/ament_index/resource_index
[0.692s] creating /home/yongbin/Repository/incsl_summer_2023/yongbin/ros2_ws/install/turtle_control/share/ament_index/resource_index/packages
[0.692s] copying resource/turtle_control -> /home/yongbin/Repository/incsl_summer_2023/yongbin/ros2_ws/install/turtle_control/share/ament_index/resource_index/packages
[0.692s] copying package.xml -> /home/yongbin/Repository/incsl_summer_2023/yongbin/ros2_ws/install/turtle_control/share/turtle_control
[0.692s] running install_egg_info
[0.692s] Copying ../../build/turtle_control/turtle_control.egg-info to /home/yongbin/Repository/incsl_summer_2023/yongbin/ros2_ws/install/turtle_control/lib/python3.8/site-packages/turtle_control-0.0.0-py3.8.egg-info
[0.693s] running install_scripts
[0.706s] Installing cricle script to /home/yongbin/Repository/incsl_summer_2023/yongbin/ros2_ws/install/turtle_control/lib/turtle_control
[0.706s] Installing eight script to /home/yongbin/Repository/incsl_summer_2023/yongbin/ros2_ws/install/turtle_control/lib/turtle_control
[0.707s] writing list of installed files to '/home/yongbin/Repository/incsl_summer_2023/yongbin/ros2_ws/build/turtle_control/install.log'
[0.739s] Invoked command in '/home/yongbin/Repository/incsl_summer_2023/yongbin/ros2_ws/src/turtle_control' returned '0': PYTHONPATH=/home/yongbin/Repository/incsl_summer_2023/yongbin/ros2_ws/build/turtle_control/prefix_override:/home/yongbin/Repository/incsl_summer_2023/yongbin/ros2_ws/install/turtle_control/lib/python3.8/site-packages:${PYTHONPATH} /usr/bin/python3 setup.py egg_info --egg-base ../../build/turtle_control build --build-base /home/yongbin/Repository/incsl_summer_2023/yongbin/ros2_ws/build/turtle_control/build install --record /home/yongbin/Repository/incsl_summer_2023/yongbin/ros2_ws/build/turtle_control/install.log --install-scripts $base/lib/turtle_control --single-version-externally-managed
